Copyright 1986-2017 Xilinx, Inc. All Rights Reserved.
----------------------------------------------------------------------------------------------------------------------------------------------------------------------------
| Tool Version     : Vivado v.2017.4 (win64) Build 2086221 Fri Dec 15 20:55:39 MST 2017
| Date             : Sun Aug 30 14:52:19 2020
| Host             : Mateusz-HP running 64-bit Service Pack 1  (build 7601)
| Command          : report_power -file design_ocr_wrapper_power_routed.rpt -pb design_ocr_wrapper_power_summary_routed.pb -rpx design_ocr_wrapper_power_routed.rpx
| Design           : design_ocr_wrapper
| Device           : xc7z020clg484-1
| Design State     : routed
| Grade            : commercial
| Process          : typical
| Characterization : Production
----------------------------------------------------------------------------------------------------------------------------------------------------------------------------

Power Report

Table of Contents
-----------------
1. Summary
1.1 On-Chip Components
1.2 Power Supply Summary
1.3 Confidence Level
2. Settings
2.1 Environment
2.2 Clock Constraints
3. Detailed Reports
3.1 By Hierarchy

1. Summary
----------

+--------------------------+--------------+
| Total On-Chip Power (W)  | 2.179        |
| Design Power Budget (W)  | Unspecified* |
| Power Budget Margin (W)  | NA           |
| Dynamic (W)              | 2.021        |
| Device Static (W)        | 0.159        |
| Effective TJA (C/W)      | 11.5         |
| Max Ambient (C)          | 59.9         |
| Junction Temperature (C) | 50.1         |
| Confidence Level         | Low          |
| Setting File             | ---          |
| Simulation Activity File | ---          |
| Design Nets Matched      | NA           |
+--------------------------+--------------+
* Specify Design Power Budget using, set_operating_conditions -design_power_budget <value in Watts>


1.1 On-Chip Components
----------------------

+-------------------------+-----------+----------+-----------+-----------------+
| On-Chip                 | Power (W) | Used     | Available | Utilization (%) |
+-------------------------+-----------+----------+-----------+-----------------+
| Clocks                  |     0.037 |        3 |       --- |             --- |
| Slice Logic             |     0.118 |    82057 |       --- |             --- |
|   LUT as Logic          |     0.106 |    40042 |     53200 |           75.27 |
|   CARRY4                |     0.010 |     3754 |     13300 |           28.23 |
|   Register              |     0.002 |    29353 |    106400 |           27.59 |
|   F7/F8 Muxes           |    <0.001 |     3637 |     53200 |            6.84 |
|   LUT as Shift Register |    <0.001 |       62 |     17400 |            0.36 |
|   Others                |     0.000 |      325 |       --- |             --- |
| Signals                 |     0.187 |    59851 |       --- |             --- |
| DSPs                    |     0.148 |      192 |       220 |           87.27 |
| I/O                     |     0.001 |       13 |       200 |            6.50 |
| PS7                     |     1.529 |        1 |       --- |             --- |
| Static Power            |     0.159 |          |           |                 |
| Total                   |     2.179 |          |           |                 |
+-------------------------+-----------+----------+-----------+-----------------+


1.2 Power Supply Summary
------------------------

+-----------+-------------+-----------+-------------+------------+
| Source    | Voltage (V) | Total (A) | Dynamic (A) | Static (A) |
+-----------+-------------+-----------+-------------+------------+
| Vccint    |       1.000 |     0.509 |       0.491 |      0.019 |
| Vccaux    |       1.800 |     0.017 |       0.000 |      0.017 |
| Vcco33    |       3.300 |     0.001 |       0.000 |      0.001 |
| Vcco25    |       2.500 |     0.000 |       0.000 |      0.000 |
| Vcco18    |       1.800 |     0.000 |       0.000 |      0.000 |
| Vcco15    |       1.500 |     0.000 |       0.000 |      0.000 |
| Vcco135   |       1.350 |     0.000 |       0.000 |      0.000 |
| Vcco12    |       1.200 |     0.000 |       0.000 |      0.000 |
| Vccaux_io |       1.800 |     0.000 |       0.000 |      0.000 |
| Vccbram   |       1.000 |     0.001 |       0.000 |      0.001 |
| MGTAVcc   |       1.000 |     0.000 |       0.000 |      0.000 |
| MGTAVtt   |       1.200 |     0.000 |       0.000 |      0.000 |
| MGTVccaux |       1.800 |     0.000 |       0.000 |      0.000 |
| Vccpint   |       1.000 |     0.754 |       0.717 |      0.036 |
| Vccpaux   |       1.800 |     0.061 |       0.051 |      0.010 |
| Vccpll    |       1.800 |     0.017 |       0.014 |      0.003 |
| Vcco_ddr  |       1.500 |     0.459 |       0.457 |      0.002 |
| Vcco_mio0 |       3.300 |     0.003 |       0.002 |      0.001 |
| Vcco_mio1 |       1.800 |     0.003 |       0.002 |      0.001 |
| Vccadc    |       1.800 |     0.020 |       0.000 |      0.020 |
+-----------+-------------+-----------+-------------+------------+


1.3 Confidence Level
--------------------

+-----------------------------+------------+--------------------------------------------------------+------------------------------------------------------------------------------------------------------------+
| User Input Data             | Confidence | Details                                                | Action                                                                                                     |
+-----------------------------+------------+--------------------------------------------------------+------------------------------------------------------------------------------------------------------------+
| Design implementation state | High       | Design is routed                                       |                                                                                                            |
| Clock nodes activity        | High       | User specified more than 95% of clocks                 |                                                                                                            |
| I/O nodes activity          | Low        | More than 75% of inputs are missing user specification | Provide missing input activity with simulation results or by editing the "By Resource Type -> I/Os" view   |
| Internal nodes activity     | Medium     | User specified less than 25% of internal nodes         | Provide missing internal nodes activity with simulation results or by editing the "By Resource Type" views |
| Device models               | High       | Device models are Production                           |                                                                                                            |
|                             |            |                                                        |                                                                                                            |
| Overall confidence level    | Low        |                                                        |                                                                                                            |
+-----------------------------+------------+--------------------------------------------------------+------------------------------------------------------------------------------------------------------------+


2. Settings
-----------

2.1 Environment
---------------

+-----------------------+------------------------+
| Ambient Temp (C)      | 25.0                   |
| ThetaJA (C/W)         | 11.5                   |
| Airflow (LFM)         | 250                    |
| Heat Sink             | none                   |
| ThetaSA (C/W)         | 0.0                    |
| Board Selection       | medium (10"x10")       |
| # of Board Layers     | 8to11 (8 to 11 Layers) |
| Board Temperature (C) | 25.0                   |
+-----------------------+------------------------+


2.2 Clock Constraints
---------------------

+------------+---------------------------------------------------------------+-----------------+
| Clock      | Domain                                                        | Constraint (ns) |
+------------+---------------------------------------------------------------+-----------------+
| clk_fpga_0 | design_ocr_i/processing_system7_0/inst/FCLK_CLK_unbuffered[0] |            14.0 |
+------------+---------------------------------------------------------------+-----------------+


3. Detailed Reports
-------------------

3.1 By Hierarchy
----------------

+--------------------------------------------------+-----------+
| Name                                             | Power (W) |
+--------------------------------------------------+-----------+
| design_ocr_wrapper                               |     2.021 |
|   design_ocr_i                                   |     2.019 |
|     axi_gpio_0                                   |    <0.001 |
|       U0                                         |    <0.001 |
|         AXI_LITE_IPIF_I                          |    <0.001 |
|           I_SLAVE_ATTACHMENT                     |    <0.001 |
|             I_DECODER                            |    <0.001 |
|         gpio_core_1                              |    <0.001 |
|           Dual.INPUT_DOUBLE_REGS4                |    <0.001 |
|           Dual.INPUT_DOUBLE_REGS5                |    <0.001 |
|     neural_network_0                             |     0.487 |
|       inst                                       |     0.487 |
|         neural_network_v1_1_S00_AXI_inst         |     0.487 |
|           network_rtl_int                        |     0.487 |
|             n1_0                                 |     0.006 |
|             n1_1                                 |     0.006 |
|             n1_10                                |     0.006 |
|             n1_11                                |     0.006 |
|             n1_12                                |     0.006 |
|             n1_13                                |     0.006 |
|             n1_14                                |     0.006 |
|             n1_15                                |     0.006 |
|             n1_2                                 |     0.006 |
|             n1_3                                 |     0.006 |
|             n1_4                                 |     0.006 |
|             n1_5                                 |     0.006 |
|             n1_6                                 |     0.006 |
|             n1_7                                 |     0.006 |
|             n1_8                                 |     0.006 |
|             n1_9                                 |     0.006 |
|             n2_0                                 |     0.022 |
|             n2_1                                 |     0.023 |
|             n2_2                                 |     0.025 |
|             n2_3                                 |     0.025 |
|             n2_4                                 |     0.024 |
|             n2_5                                 |     0.024 |
|             n2_6                                 |     0.023 |
|             n2_7                                 |     0.023 |
|             n3_0                                 |     0.017 |
|             n3_1                                 |     0.016 |
|             n3_2                                 |     0.015 |
|             n3_3                                 |     0.017 |
|             n3_4                                 |     0.016 |
|             n3_5                                 |     0.015 |
|             n3_6                                 |     0.017 |
|             n3_7                                 |     0.016 |
|             n4_0                                 |     0.016 |
|             n4_1                                 |     0.017 |
|             n4_2                                 |     0.015 |
|             n4_3                                 |     0.016 |
|     processing_system7_0                         |     1.529 |
|       inst                                       |     1.529 |
|     ps7_0_axi_periph                             |     0.003 |
|       s00_couplers                               |     0.002 |
|         auto_pc                                  |     0.002 |
|           inst                                   |     0.002 |
|             gen_axilite.gen_b2s_conv.axilite_b2s |     0.002 |
|               RD.ar_channel_0                    |    <0.001 |
|                 ar_cmd_fsm_0                     |    <0.001 |
|                 cmd_translator_0                 |    <0.001 |
|                   incr_cmd_0                     |    <0.001 |
|                   wrap_cmd_0                     |    <0.001 |
|               RD.r_channel_0                     |    <0.001 |
|                 rd_data_fifo_0                   |    <0.001 |
|                 transaction_fifo_0               |    <0.001 |
|               SI_REG                             |    <0.001 |
|                 ar.ar_pipe                       |    <0.001 |
|                 aw.aw_pipe                       |    <0.001 |
|                 b.b_pipe                         |    <0.001 |
|                 r.r_pipe                         |    <0.001 |
|               WR.aw_channel_0                    |    <0.001 |
|                 aw_cmd_fsm_0                     |    <0.001 |
|                 cmd_translator_0                 |    <0.001 |
|                   incr_cmd_0                     |    <0.001 |
|                   wrap_cmd_0                     |    <0.001 |
|               WR.b_channel_0                     |    <0.001 |
|                 bid_fifo_0                       |    <0.001 |
|                 bresp_fifo_0                     |    <0.001 |
|       xbar                                       |    <0.001 |
|         inst                                     |    <0.001 |
|           gen_sasd.crossbar_sasd_0               |    <0.001 |
|             addr_arbiter_inst                    |    <0.001 |
|             gen_decerr.decerr_slave_inst         |    <0.001 |
|             reg_slice_r                          |    <0.001 |
|             splitter_ar                          |    <0.001 |
|             splitter_aw                          |    <0.001 |
|     rst_ps7_0_50M                                |    <0.001 |
|       U0                                         |    <0.001 |
|         EXT_LPF                                  |    <0.001 |
|           ACTIVE_LOW_AUX.ACT_LO_AUX              |    <0.001 |
|           ACTIVE_LOW_EXT.ACT_LO_EXT              |    <0.001 |
|         SEQ                                      |    <0.001 |
|           SEQ_COUNTER                            |    <0.001 |
|   leds_8bits_tri_iobuf_0                         |    <0.001 |
|   leds_8bits_tri_iobuf_1                         |    <0.001 |
|   leds_8bits_tri_iobuf_2                         |    <0.001 |
|   leds_8bits_tri_iobuf_3                         |    <0.001 |
|   leds_8bits_tri_iobuf_4                         |    <0.001 |
|   leds_8bits_tri_iobuf_5                         |    <0.001 |
|   leds_8bits_tri_iobuf_6                         |    <0.001 |
|   leds_8bits_tri_iobuf_7                         |    <0.001 |
+--------------------------------------------------+-----------+


