Copyright 1986-2017 Xilinx, Inc. All Rights Reserved.
-----------------------------------------------------------------------------------------------------------------------------------------------------------------------
| Tool Version : Vivado v.2017.4 (win64) Build 2086221 Fri Dec 15 20:55:39 MST 2017
| Date         : Wed May 27 20:48:29 2020
| Host         : Mateusz-HP running 64-bit Service Pack 1  (build 7601)
| Command      : report_methodology -file network_rtl_methodology_drc_routed.rpt -pb network_rtl_methodology_drc_routed.pb -rpx network_rtl_methodology_drc_routed.rpx
| Design       : network_rtl
| Device       : xc7z020clg484-1
| Speed File   : -1
| Design State : Routed
-----------------------------------------------------------------------------------------------------------------------------------------------------------------------

Report Methodology

Table of Contents
-----------------
1. REPORT SUMMARY
2. REPORT DETAILS

1. REPORT SUMMARY
-----------------
            Netlist: netlist
          Floorplan: design_1
      Design limits: <entire design considered>
             Max violations: <unlimited>
             Violations found: 167
+-----------+----------+-------------------------------+------------+
| Rule      | Severity | Description                   | Violations |
+-----------+----------+-------------------------------+------------+
| SYNTH-11  | Warning  | DSP output not registered     | 64         |
| SYNTH-13  | Warning  | combinational multiplier      | 7          |
| TIMING-18 | Warning  | Missing input or output delay | 76         |
| TIMING-20 | Warning  | Non-clocked latch             | 20         |
+-----------+----------+-------------------------------+------------+

2. REPORT DETAILS
-----------------
SYNTH-11#1 Warning
DSP output not registered  
DSP instance n2_0/p_1_out__0 is not fully pipelined on the output side. MREG/PREG are not used.
Related violations: <none>

SYNTH-11#2 Warning
DSP output not registered  
DSP instance n2_0/p_1_out__1 is not fully pipelined on the output side. MREG/PREG are not used.
Related violations: <none>

SYNTH-11#3 Warning
DSP output not registered  
DSP instance n2_0/p_1_out__2 is not fully pipelined on the output side. MREG/PREG are not used.
Related violations: <none>

SYNTH-11#4 Warning
DSP output not registered  
DSP instance n2_0/p_2_out__0 is not fully pipelined on the output side. MREG/PREG are not used.
Related violations: <none>

SYNTH-11#5 Warning
DSP output not registered  
DSP instance n2_0/p_2_out__1 is not fully pipelined on the output side. MREG/PREG are not used.
Related violations: <none>

SYNTH-11#6 Warning
DSP output not registered  
DSP instance n2_1/p_1_out is not fully pipelined on the output side. MREG/PREG are not used.
Related violations: <none>

SYNTH-11#7 Warning
DSP output not registered  
DSP instance n2_1/p_1_out__0 is not fully pipelined on the output side. MREG/PREG are not used.
Related violations: <none>

SYNTH-11#8 Warning
DSP output not registered  
DSP instance n2_1/p_1_out__1 is not fully pipelined on the output side. MREG/PREG are not used.
Related violations: <none>

SYNTH-11#9 Warning
DSP output not registered  
DSP instance n2_1/p_1_out__2 is not fully pipelined on the output side. MREG/PREG are not used.
Related violations: <none>

SYNTH-11#10 Warning
DSP output not registered  
DSP instance n2_1/p_2_out__0 is not fully pipelined on the output side. MREG/PREG are not used.
Related violations: <none>

SYNTH-11#11 Warning
DSP output not registered  
DSP instance n2_1/p_2_out__2 is not fully pipelined on the output side. MREG/PREG are not used.
Related violations: <none>

SYNTH-11#12 Warning
DSP output not registered  
DSP instance n2_2/p_1_out is not fully pipelined on the output side. MREG/PREG are not used.
Related violations: <none>

SYNTH-11#13 Warning
DSP output not registered  
DSP instance n2_2/p_1_out__0 is not fully pipelined on the output side. MREG/PREG are not used.
Related violations: <none>

SYNTH-11#14 Warning
DSP output not registered  
DSP instance n2_2/p_1_out__1 is not fully pipelined on the output side. MREG/PREG are not used.
Related violations: <none>

SYNTH-11#15 Warning
DSP output not registered  
DSP instance n2_2/p_1_out__2 is not fully pipelined on the output side. MREG/PREG are not used.
Related violations: <none>

SYNTH-11#16 Warning
DSP output not registered  
DSP instance n2_2/p_2_out is not fully pipelined on the output side. MREG/PREG are not used.
Related violations: <none>

SYNTH-11#17 Warning
DSP output not registered  
DSP instance n2_2/p_2_out__0 is not fully pipelined on the output side. MREG/PREG are not used.
Related violations: <none>

SYNTH-11#18 Warning
DSP output not registered  
DSP instance n2_3/p_1_out is not fully pipelined on the output side. MREG/PREG are not used.
Related violations: <none>

SYNTH-11#19 Warning
DSP output not registered  
DSP instance n2_3/p_1_out__0 is not fully pipelined on the output side. MREG/PREG are not used.
Related violations: <none>

SYNTH-11#20 Warning
DSP output not registered  
DSP instance n2_3/p_1_out__1 is not fully pipelined on the output side. MREG/PREG are not used.
Related violations: <none>

SYNTH-11#21 Warning
DSP output not registered  
DSP instance n2_3/p_1_out__2 is not fully pipelined on the output side. MREG/PREG are not used.
Related violations: <none>

SYNTH-11#22 Warning
DSP output not registered  
DSP instance n2_3/p_2_out is not fully pipelined on the output side. MREG/PREG are not used.
Related violations: <none>

SYNTH-11#23 Warning
DSP output not registered  
DSP instance n2_3/p_2_out__0 is not fully pipelined on the output side. MREG/PREG are not used.
Related violations: <none>

SYNTH-11#24 Warning
DSP output not registered  
DSP instance n2_3/p_2_out__2 is not fully pipelined on the output side. MREG/PREG are not used.
Related violations: <none>

SYNTH-11#25 Warning
DSP output not registered  
DSP instance n2_4/p_1_out__0 is not fully pipelined on the output side. MREG/PREG are not used.
Related violations: <none>

SYNTH-11#26 Warning
DSP output not registered  
DSP instance n2_4/p_1_out__1 is not fully pipelined on the output side. MREG/PREG are not used.
Related violations: <none>

SYNTH-11#27 Warning
DSP output not registered  
DSP instance n2_4/p_1_out__2 is not fully pipelined on the output side. MREG/PREG are not used.
Related violations: <none>

SYNTH-11#28 Warning
DSP output not registered  
DSP instance n2_4/p_2_out is not fully pipelined on the output side. MREG/PREG are not used.
Related violations: <none>

SYNTH-11#29 Warning
DSP output not registered  
DSP instance n2_5/p_1_out__0 is not fully pipelined on the output side. MREG/PREG are not used.
Related violations: <none>

SYNTH-11#30 Warning
DSP output not registered  
DSP instance n2_5/p_1_out__1 is not fully pipelined on the output side. MREG/PREG are not used.
Related violations: <none>

SYNTH-11#31 Warning
DSP output not registered  
DSP instance n2_5/p_1_out__2 is not fully pipelined on the output side. MREG/PREG are not used.
Related violations: <none>

SYNTH-11#32 Warning
DSP output not registered  
DSP instance n2_5/p_2_out__2 is not fully pipelined on the output side. MREG/PREG are not used.
Related violations: <none>

SYNTH-11#33 Warning
DSP output not registered  
DSP instance n2_6/p_1_out__0 is not fully pipelined on the output side. MREG/PREG are not used.
Related violations: <none>

SYNTH-11#34 Warning
DSP output not registered  
DSP instance n2_6/p_1_out__1 is not fully pipelined on the output side. MREG/PREG are not used.
Related violations: <none>

SYNTH-11#35 Warning
DSP output not registered  
DSP instance n2_6/p_1_out__2 is not fully pipelined on the output side. MREG/PREG are not used.
Related violations: <none>

SYNTH-11#36 Warning
DSP output not registered  
DSP instance n2_7/p_1_out is not fully pipelined on the output side. MREG/PREG are not used.
Related violations: <none>

SYNTH-11#37 Warning
DSP output not registered  
DSP instance n2_7/p_1_out__0 is not fully pipelined on the output side. MREG/PREG are not used.
Related violations: <none>

SYNTH-11#38 Warning
DSP output not registered  
DSP instance n2_7/p_1_out__1 is not fully pipelined on the output side. MREG/PREG are not used.
Related violations: <none>

SYNTH-11#39 Warning
DSP output not registered  
DSP instance n2_7/p_1_out__2 is not fully pipelined on the output side. MREG/PREG are not used.
Related violations: <none>

SYNTH-11#40 Warning
DSP output not registered  
DSP instance n3_1/ is not fully pipelined on the output side. MREG/PREG are not used.
Related violations: <none>

SYNTH-11#41 Warning
DSP output not registered  
DSP instance n3_1/__0 is not fully pipelined on the output side. MREG/PREG are not used.
Related violations: <none>

SYNTH-11#42 Warning
DSP output not registered  
DSP instance n3_2/ is not fully pipelined on the output side. MREG/PREG are not used.
Related violations: <none>

SYNTH-11#43 Warning
DSP output not registered  
DSP instance n3_2/__0 is not fully pipelined on the output side. MREG/PREG are not used.
Related violations: <none>

SYNTH-11#44 Warning
DSP output not registered  
DSP instance n3_2/__1 is not fully pipelined on the output side. MREG/PREG are not used.
Related violations: <none>

SYNTH-11#45 Warning
DSP output not registered  
DSP instance n3_3/p_1_out__0 is not fully pipelined on the output side. MREG/PREG are not used.
Related violations: <none>

SYNTH-11#46 Warning
DSP output not registered  
DSP instance n3_3/p_1_out__1 is not fully pipelined on the output side. MREG/PREG are not used.
Related violations: <none>

SYNTH-11#47 Warning
DSP output not registered  
DSP instance n3_3/p_1_out__2 is not fully pipelined on the output side. MREG/PREG are not used.
Related violations: <none>

SYNTH-11#48 Warning
DSP output not registered  
DSP instance n3_4/ is not fully pipelined on the output side. MREG/PREG are not used.
Related violations: <none>

SYNTH-11#49 Warning
DSP output not registered  
DSP instance n3_4/__0 is not fully pipelined on the output side. MREG/PREG are not used.
Related violations: <none>

SYNTH-11#50 Warning
DSP output not registered  
DSP instance n3_4/__1 is not fully pipelined on the output side. MREG/PREG are not used.
Related violations: <none>

SYNTH-11#51 Warning
DSP output not registered  
DSP instance n3_6/p_1_out__0 is not fully pipelined on the output side. MREG/PREG are not used.
Related violations: <none>

SYNTH-11#52 Warning
DSP output not registered  
DSP instance n3_6/p_1_out__2 is not fully pipelined on the output side. MREG/PREG are not used.
Related violations: <none>

SYNTH-11#53 Warning
DSP output not registered  
DSP instance n3_7/__1 is not fully pipelined on the output side. MREG/PREG are not used.
Related violations: <none>

SYNTH-11#54 Warning
DSP output not registered  
DSP instance n4_0/ is not fully pipelined on the output side. MREG/PREG are not used.
Related violations: <none>

SYNTH-11#55 Warning
DSP output not registered  
DSP instance n4_0/__0 is not fully pipelined on the output side. MREG/PREG are not used.
Related violations: <none>

SYNTH-11#56 Warning
DSP output not registered  
DSP instance n4_0/__1 is not fully pipelined on the output side. MREG/PREG are not used.
Related violations: <none>

SYNTH-11#57 Warning
DSP output not registered  
DSP instance n4_1/p_1_out__0 is not fully pipelined on the output side. MREG/PREG are not used.
Related violations: <none>

SYNTH-11#58 Warning
DSP output not registered  
DSP instance n4_1/p_1_out__1 is not fully pipelined on the output side. MREG/PREG are not used.
Related violations: <none>

SYNTH-11#59 Warning
DSP output not registered  
DSP instance n4_1/p_1_out__2 is not fully pipelined on the output side. MREG/PREG are not used.
Related violations: <none>

SYNTH-11#60 Warning
DSP output not registered  
DSP instance n4_2/ is not fully pipelined on the output side. MREG/PREG are not used.
Related violations: <none>

SYNTH-11#61 Warning
DSP output not registered  
DSP instance n4_2/__0 is not fully pipelined on the output side. MREG/PREG are not used.
Related violations: <none>

SYNTH-11#62 Warning
DSP output not registered  
DSP instance n4_2/__2 is not fully pipelined on the output side. MREG/PREG are not used.
Related violations: <none>

SYNTH-11#63 Warning
DSP output not registered  
DSP instance n4_3/p_1_out__0 is not fully pipelined on the output side. MREG/PREG are not used.
Related violations: <none>

SYNTH-11#64 Warning
DSP output not registered  
DSP instance n4_3/p_1_out__2 is not fully pipelined on the output side. MREG/PREG are not used.
Related violations: <none>

SYNTH-13#1 Warning
combinational multiplier  
Detected combinational multiplier in DSP instance n3_0/temp2__0.
Related violations: <none>

SYNTH-13#2 Warning
combinational multiplier  
Detected combinational multiplier in DSP instance n3_1/temp2.
Related violations: <none>

SYNTH-13#3 Warning
combinational multiplier  
Detected combinational multiplier in DSP instance n3_2/temp2__0.
Related violations: <none>

SYNTH-13#4 Warning
combinational multiplier  
Detected combinational multiplier in DSP instance n3_4/temp2__0.
Related violations: <none>

SYNTH-13#5 Warning
combinational multiplier  
Detected combinational multiplier in DSP instance n3_7/temp2__0.
Related violations: <none>

SYNTH-13#6 Warning
combinational multiplier  
Detected combinational multiplier in DSP instance n4_1/temp2.
Related violations: <none>

SYNTH-13#7 Warning
combinational multiplier  
Detected combinational multiplier in DSP instance n4_2/temp2__0.
Related violations: <none>

TIMING-18#1 Warning
Missing input or output delay  
An input delay is missing on mode relative to clock(s) clk
Related violations: <none>

TIMING-18#2 Warning
Missing input or output delay  
An input delay is missing on rst relative to clock(s) clk
Related violations: <none>

TIMING-18#3 Warning
Missing input or output delay  
An input delay is missing on start relative to clock(s) clk
Related violations: <none>

TIMING-18#4 Warning
Missing input or output delay  
An output delay is missing on ready relative to clock(s) clk
Related violations: <none>

TIMING-18#5 Warning
Missing input or output delay  
An output delay is missing on y4[0] relative to clock(s) clk
Related violations: <none>

TIMING-18#6 Warning
Missing input or output delay  
An output delay is missing on y4[10] relative to clock(s) clk
Related violations: <none>

TIMING-18#7 Warning
Missing input or output delay  
An output delay is missing on y4[11] relative to clock(s) clk
Related violations: <none>

TIMING-18#8 Warning
Missing input or output delay  
An output delay is missing on y4[12] relative to clock(s) clk
Related violations: <none>

TIMING-18#9 Warning
Missing input or output delay  
An output delay is missing on y4[13] relative to clock(s) clk
Related violations: <none>

TIMING-18#10 Warning
Missing input or output delay  
An output delay is missing on y4[14] relative to clock(s) clk
Related violations: <none>

TIMING-18#11 Warning
Missing input or output delay  
An output delay is missing on y4[15] relative to clock(s) clk
Related violations: <none>

TIMING-18#12 Warning
Missing input or output delay  
An output delay is missing on y4[16] relative to clock(s) clk
Related violations: <none>

TIMING-18#13 Warning
Missing input or output delay  
An output delay is missing on y4[17] relative to clock(s) clk
Related violations: <none>

TIMING-18#14 Warning
Missing input or output delay  
An output delay is missing on y4[18] relative to clock(s) clk
Related violations: <none>

TIMING-18#15 Warning
Missing input or output delay  
An output delay is missing on y4[19] relative to clock(s) clk
Related violations: <none>

TIMING-18#16 Warning
Missing input or output delay  
An output delay is missing on y4[1] relative to clock(s) clk
Related violations: <none>

TIMING-18#17 Warning
Missing input or output delay  
An output delay is missing on y4[20] relative to clock(s) clk
Related violations: <none>

TIMING-18#18 Warning
Missing input or output delay  
An output delay is missing on y4[21] relative to clock(s) clk
Related violations: <none>

TIMING-18#19 Warning
Missing input or output delay  
An output delay is missing on y4[22] relative to clock(s) clk
Related violations: <none>

TIMING-18#20 Warning
Missing input or output delay  
An output delay is missing on y4[23] relative to clock(s) clk
Related violations: <none>

TIMING-18#21 Warning
Missing input or output delay  
An output delay is missing on y4[24] relative to clock(s) clk
Related violations: <none>

TIMING-18#22 Warning
Missing input or output delay  
An output delay is missing on y4[25] relative to clock(s) clk
Related violations: <none>

TIMING-18#23 Warning
Missing input or output delay  
An output delay is missing on y4[26] relative to clock(s) clk
Related violations: <none>

TIMING-18#24 Warning
Missing input or output delay  
An output delay is missing on y4[27] relative to clock(s) clk
Related violations: <none>

TIMING-18#25 Warning
Missing input or output delay  
An output delay is missing on y4[28] relative to clock(s) clk
Related violations: <none>

TIMING-18#26 Warning
Missing input or output delay  
An output delay is missing on y4[29] relative to clock(s) clk
Related violations: <none>

TIMING-18#27 Warning
Missing input or output delay  
An output delay is missing on y4[2] relative to clock(s) clk
Related violations: <none>

TIMING-18#28 Warning
Missing input or output delay  
An output delay is missing on y4[30] relative to clock(s) clk
Related violations: <none>

TIMING-18#29 Warning
Missing input or output delay  
An output delay is missing on y4[31] relative to clock(s) clk
Related violations: <none>

TIMING-18#30 Warning
Missing input or output delay  
An output delay is missing on y4[32] relative to clock(s) clk
Related violations: <none>

TIMING-18#31 Warning
Missing input or output delay  
An output delay is missing on y4[33] relative to clock(s) clk
Related violations: <none>

TIMING-18#32 Warning
Missing input or output delay  
An output delay is missing on y4[34] relative to clock(s) clk
Related violations: <none>

TIMING-18#33 Warning
Missing input or output delay  
An output delay is missing on y4[35] relative to clock(s) clk
Related violations: <none>

TIMING-18#34 Warning
Missing input or output delay  
An output delay is missing on y4[36] relative to clock(s) clk
Related violations: <none>

TIMING-18#35 Warning
Missing input or output delay  
An output delay is missing on y4[37] relative to clock(s) clk
Related violations: <none>

TIMING-18#36 Warning
Missing input or output delay  
An output delay is missing on y4[38] relative to clock(s) clk
Related violations: <none>

TIMING-18#37 Warning
Missing input or output delay  
An output delay is missing on y4[39] relative to clock(s) clk
Related violations: <none>

TIMING-18#38 Warning
Missing input or output delay  
An output delay is missing on y4[3] relative to clock(s) clk
Related violations: <none>

TIMING-18#39 Warning
Missing input or output delay  
An output delay is missing on y4[40] relative to clock(s) clk
Related violations: <none>

TIMING-18#40 Warning
Missing input or output delay  
An output delay is missing on y4[41] relative to clock(s) clk
Related violations: <none>

TIMING-18#41 Warning
Missing input or output delay  
An output delay is missing on y4[42] relative to clock(s) clk
Related violations: <none>

TIMING-18#42 Warning
Missing input or output delay  
An output delay is missing on y4[43] relative to clock(s) clk
Related violations: <none>

TIMING-18#43 Warning
Missing input or output delay  
An output delay is missing on y4[44] relative to clock(s) clk
Related violations: <none>

TIMING-18#44 Warning
Missing input or output delay  
An output delay is missing on y4[45] relative to clock(s) clk
Related violations: <none>

TIMING-18#45 Warning
Missing input or output delay  
An output delay is missing on y4[46] relative to clock(s) clk
Related violations: <none>

TIMING-18#46 Warning
Missing input or output delay  
An output delay is missing on y4[47] relative to clock(s) clk
Related violations: <none>

TIMING-18#47 Warning
Missing input or output delay  
An output delay is missing on y4[48] relative to clock(s) clk
Related violations: <none>

TIMING-18#48 Warning
Missing input or output delay  
An output delay is missing on y4[49] relative to clock(s) clk
Related violations: <none>

TIMING-18#49 Warning
Missing input or output delay  
An output delay is missing on y4[4] relative to clock(s) clk
Related violations: <none>

TIMING-18#50 Warning
Missing input or output delay  
An output delay is missing on y4[50] relative to clock(s) clk
Related violations: <none>

TIMING-18#51 Warning
Missing input or output delay  
An output delay is missing on y4[51] relative to clock(s) clk
Related violations: <none>

TIMING-18#52 Warning
Missing input or output delay  
An output delay is missing on y4[52] relative to clock(s) clk
Related violations: <none>

TIMING-18#53 Warning
Missing input or output delay  
An output delay is missing on y4[53] relative to clock(s) clk
Related violations: <none>

TIMING-18#54 Warning
Missing input or output delay  
An output delay is missing on y4[54] relative to clock(s) clk
Related violations: <none>

TIMING-18#55 Warning
Missing input or output delay  
An output delay is missing on y4[55] relative to clock(s) clk
Related violations: <none>

TIMING-18#56 Warning
Missing input or output delay  
An output delay is missing on y4[56] relative to clock(s) clk
Related violations: <none>

TIMING-18#57 Warning
Missing input or output delay  
An output delay is missing on y4[57] relative to clock(s) clk
Related violations: <none>

TIMING-18#58 Warning
Missing input or output delay  
An output delay is missing on y4[58] relative to clock(s) clk
Related violations: <none>

TIMING-18#59 Warning
Missing input or output delay  
An output delay is missing on y4[59] relative to clock(s) clk
Related violations: <none>

TIMING-18#60 Warning
Missing input or output delay  
An output delay is missing on y4[5] relative to clock(s) clk
Related violations: <none>

TIMING-18#61 Warning
Missing input or output delay  
An output delay is missing on y4[60] relative to clock(s) clk
Related violations: <none>

TIMING-18#62 Warning
Missing input or output delay  
An output delay is missing on y4[61] relative to clock(s) clk
Related violations: <none>

TIMING-18#63 Warning
Missing input or output delay  
An output delay is missing on y4[62] relative to clock(s) clk
Related violations: <none>

TIMING-18#64 Warning
Missing input or output delay  
An output delay is missing on y4[63] relative to clock(s) clk
Related violations: <none>

TIMING-18#65 Warning
Missing input or output delay  
An output delay is missing on y4[64] relative to clock(s) clk
Related violations: <none>

TIMING-18#66 Warning
Missing input or output delay  
An output delay is missing on y4[65] relative to clock(s) clk
Related violations: <none>

TIMING-18#67 Warning
Missing input or output delay  
An output delay is missing on y4[66] relative to clock(s) clk
Related violations: <none>

TIMING-18#68 Warning
Missing input or output delay  
An output delay is missing on y4[67] relative to clock(s) clk
Related violations: <none>

TIMING-18#69 Warning
Missing input or output delay  
An output delay is missing on y4[68] relative to clock(s) clk
Related violations: <none>

TIMING-18#70 Warning
Missing input or output delay  
An output delay is missing on y4[69] relative to clock(s) clk
Related violations: <none>

TIMING-18#71 Warning
Missing input or output delay  
An output delay is missing on y4[6] relative to clock(s) clk
Related violations: <none>

TIMING-18#72 Warning
Missing input or output delay  
An output delay is missing on y4[70] relative to clock(s) clk
Related violations: <none>

TIMING-18#73 Warning
Missing input or output delay  
An output delay is missing on y4[71] relative to clock(s) clk
Related violations: <none>

TIMING-18#74 Warning
Missing input or output delay  
An output delay is missing on y4[7] relative to clock(s) clk
Related violations: <none>

TIMING-18#75 Warning
Missing input or output delay  
An output delay is missing on y4[8] relative to clock(s) clk
Related violations: <none>

TIMING-18#76 Warning
Missing input or output delay  
An output delay is missing on y4[9] relative to clock(s) clk
Related violations: <none>

TIMING-20#1 Warning
Non-clocked latch  
The latch x1_prev_reg[0] cannot be properly analyzed as its control pin x1_prev_reg[0]/G is not reached by a timing clock
Related violations: <none>

TIMING-20#2 Warning
Non-clocked latch  
The latch x1_prev_reg[10] cannot be properly analyzed as its control pin x1_prev_reg[10]/G is not reached by a timing clock
Related violations: <none>

TIMING-20#3 Warning
Non-clocked latch  
The latch x1_prev_reg[11] cannot be properly analyzed as its control pin x1_prev_reg[11]/G is not reached by a timing clock
Related violations: <none>

TIMING-20#4 Warning
Non-clocked latch  
The latch x1_prev_reg[12] cannot be properly analyzed as its control pin x1_prev_reg[12]/G is not reached by a timing clock
Related violations: <none>

TIMING-20#5 Warning
Non-clocked latch  
The latch x1_prev_reg[13] cannot be properly analyzed as its control pin x1_prev_reg[13]/G is not reached by a timing clock
Related violations: <none>

TIMING-20#6 Warning
Non-clocked latch  
The latch x1_prev_reg[14] cannot be properly analyzed as its control pin x1_prev_reg[14]/G is not reached by a timing clock
Related violations: <none>

TIMING-20#7 Warning
Non-clocked latch  
The latch x1_prev_reg[15] cannot be properly analyzed as its control pin x1_prev_reg[15]/G is not reached by a timing clock
Related violations: <none>

TIMING-20#8 Warning
Non-clocked latch  
The latch x1_prev_reg[1] cannot be properly analyzed as its control pin x1_prev_reg[1]/G is not reached by a timing clock
Related violations: <none>

TIMING-20#9 Warning
Non-clocked latch  
The latch x1_prev_reg[2] cannot be properly analyzed as its control pin x1_prev_reg[2]/G is not reached by a timing clock
Related violations: <none>

TIMING-20#10 Warning
Non-clocked latch  
The latch x1_prev_reg[3] cannot be properly analyzed as its control pin x1_prev_reg[3]/G is not reached by a timing clock
Related violations: <none>

TIMING-20#11 Warning
Non-clocked latch  
The latch x1_prev_reg[4] cannot be properly analyzed as its control pin x1_prev_reg[4]/G is not reached by a timing clock
Related violations: <none>

TIMING-20#12 Warning
Non-clocked latch  
The latch x1_prev_reg[5] cannot be properly analyzed as its control pin x1_prev_reg[5]/G is not reached by a timing clock
Related violations: <none>

TIMING-20#13 Warning
Non-clocked latch  
The latch x1_prev_reg[6] cannot be properly analyzed as its control pin x1_prev_reg[6]/G is not reached by a timing clock
Related violations: <none>

TIMING-20#14 Warning
Non-clocked latch  
The latch x1_prev_reg[7] cannot be properly analyzed as its control pin x1_prev_reg[7]/G is not reached by a timing clock
Related violations: <none>

TIMING-20#15 Warning
Non-clocked latch  
The latch x1_prev_reg[8] cannot be properly analyzed as its control pin x1_prev_reg[8]/G is not reached by a timing clock
Related violations: <none>

TIMING-20#16 Warning
Non-clocked latch  
The latch x1_prev_reg[9] cannot be properly analyzed as its control pin x1_prev_reg[9]/G is not reached by a timing clock
Related violations: <none>

TIMING-20#17 Warning
Non-clocked latch  
The latch z_prev_reg[0] cannot be properly analyzed as its control pin z_prev_reg[0]/G is not reached by a timing clock
Related violations: <none>

TIMING-20#18 Warning
Non-clocked latch  
The latch z_prev_reg[1] cannot be properly analyzed as its control pin z_prev_reg[1]/G is not reached by a timing clock
Related violations: <none>

TIMING-20#19 Warning
Non-clocked latch  
The latch z_prev_reg[2] cannot be properly analyzed as its control pin z_prev_reg[2]/G is not reached by a timing clock
Related violations: <none>

TIMING-20#20 Warning
Non-clocked latch  
The latch z_prev_reg[3] cannot be properly analyzed as its control pin z_prev_reg[3]/G is not reached by a timing clock
Related violations: <none>


